<?xml version="1.0" encoding="UTF-8"?>
<testsuite xmlns:xsi="http://www.w3.org/2001/XMLSchema-instance" xsi:noNamespaceSchemaLocation="https://maven.apache.org/surefire/maven-surefire-plugin/xsd/surefire-test-report.xsd" name="com.gatcha.api.battle.service.BattleServiceTest" time="0" tests="6" errors="0" skipped="0" failures="0">
  <properties>
[...]
</properties>
  <testcase name="getBattleByIdNotFound" classname="com.gatcha.api.battle.service.BattleServiceTest" time="0"/>
  <testcase name="getBattlesByMonsterId" classname="com.gatcha.api.battle.service.BattleServiceTest" time="0"/>
  <testcase name="battle" classname="com.gatcha.api.battle.service.BattleServiceTest" time="0"/>
  <testcase name="battleWithExperienceGained" classname="com.gatcha.api.battle.service.BattleServiceTest" time="0"/>
  <testcase name="getBattleById" classname="com.gatcha.api.battle.service.BattleServiceTest" time="0"/>
  <testcase name="getExperienceGainedNonExistent" classname="com.gatcha.api.battle.service.BattleServiceTest" time="0"/>
</testsuite>